SF:lib\data_tv\datasources\tv_local_data_source.dart
DA:16,1
DA:18,1
DA:21,2
DA:24,2
DA:28,1
DA:31,2
DA:34,2
DA:38,1
DA:40,2
DA:42,1
DA:48,1
DA:50,2
DA:51,4
LF:13
LH:13
end_of_record
SF:lib\data_tv\datasources\db\database_helper_tv.dart
DA:8,0
DA:12,0
DA:13,0
DA:17,0
DA:18,0
DA:25,0
DA:26,0
DA:27,0
DA:29,0
DA:33,0
DA:34,0
DA:41,0
DA:44,0
DA:45,0
DA:46,0
DA:49,0
DA:50,0
DA:51,0
DA:54,0
DA:58,0
DA:59,0
DA:60,0
DA:63,0
DA:66,0
DA:67,0
DA:73,0
DA:74,0
DA:75,0
LF:28
LH:0
end_of_record
SF:lib\data_tv\datasources\tv_remote_data_source.dart
DA:24,1
DA:25,1
DA:28,4
DA:30,2
DA:31,4
DA:33,1
DA:37,1
DA:39,4
DA:41,2
DA:42,3
DA:44,1
DA:48,1
DA:50,1
DA:51,3
DA:53,2
DA:54,4
DA:56,1
DA:60,1
DA:63,4
DA:65,2
DA:66,4
DA:68,1
DA:72,1
DA:75,4
DA:77,2
DA:78,4
DA:80,1
DA:84,0
DA:86,0
DA:87,0
DA:89,0
DA:90,0
DA:92,0
LF:33
LH:27
end_of_record
SF:lib\data_tv\models\tv_detail_model.dart
DA:6,2
DA:44,1
DA:45,1
DA:46,1
DA:47,1
DA:48,4
DA:49,1
DA:50,1
DA:51,1
DA:52,1
DA:53,1
DA:54,2
DA:55,1
DA:56,1
DA:57,1
DA:58,1
DA:59,1
DA:60,1
DA:61,1
DA:62,2
DA:63,1
DA:66,0
DA:67,0
DA:68,0
DA:69,0
DA:70,0
DA:71,0
DA:72,0
DA:73,0
DA:74,0
DA:75,0
DA:76,0
DA:77,0
DA:78,0
DA:79,0
DA:80,0
DA:81,0
DA:82,0
DA:83,0
DA:86,1
DA:87,1
DA:88,1
DA:89,5
DA:90,1
DA:91,1
DA:92,1
DA:93,1
DA:94,1
DA:95,1
DA:96,1
DA:97,1
DA:98,1
DA:99,1
DA:103,1
DA:104,1
DA:105,1
DA:106,1
DA:107,1
DA:108,1
DA:109,1
DA:110,1
DA:111,1
DA:112,1
DA:113,1
DA:114,1
DA:115,1
DA:116,1
DA:117,1
DA:118,1
DA:119,1
LF:70
LH:52
end_of_record
SF:lib\data_tv\models\tv_model.dart
DA:6,4
DA:32,4
DA:33,2
DA:34,8
DA:35,2
DA:36,2
DA:37,2
DA:38,4
DA:39,2
DA:40,2
DA:41,2
DA:42,4
DA:43,2
DA:46,2
DA:47,1
DA:48,4
DA:49,1
DA:50,1
DA:51,1
DA:52,1
DA:53,1
DA:54,1
DA:55,1
DA:56,1
DA:57,1
DA:60,2
DA:61,2
DA:62,2
DA:63,2
DA:64,2
DA:65,2
DA:66,2
DA:67,2
DA:68,2
DA:69,2
DA:70,2
DA:71,2
DA:72,2
DA:76,2
DA:77,2
DA:78,2
DA:79,2
DA:80,2
DA:81,2
DA:82,2
DA:83,2
DA:84,2
DA:85,2
DA:86,2
DA:87,2
DA:88,2
LF:51
LH:51
end_of_record
SF:lib\data_tv\models\tv_table.dart
DA:11,2
DA:18,2
DA:19,1
DA:20,1
DA:21,1
DA:22,1
DA:25,2
DA:26,1
DA:27,1
DA:28,1
DA:29,1
DA:32,0
DA:33,0
DA:34,0
DA:35,0
DA:36,0
DA:38,2
DA:39,1
DA:40,1
DA:41,1
DA:42,1
DA:45,2
DA:47,10
LF:23
LH:18
end_of_record
SF:lib\domain_tv\entities_tv\tv.dart
DA:4,7
DA:18,1
DA:38,6
DA:39,6
DA:40,6
DA:41,6
DA:42,6
DA:43,6
DA:44,6
DA:45,6
DA:46,6
DA:47,6
DA:48,6
DA:49,6
DA:50,6
DA:51,6
LF:16
LH:16
end_of_record
SF:lib\domain_tv\entities_tv\tv_detail.dart
DA:6,5
DA:34,2
DA:35,2
DA:36,2
DA:37,2
DA:38,2
DA:39,2
DA:40,2
DA:41,2
DA:42,2
DA:43,2
DA:44,2
DA:45,2
LF:13
LH:13
end_of_record
SF:lib\domain_tv\entities_tv\genre.dart
DA:4,5
DA:12,2
DA:13,6
LF:3
LH:3
end_of_record
SF:lib\data_tv\models\tv_response.dart
DA:7,2
DA:9,4
DA:10,4
DA:11,6
DA:12,6
DA:15,2
DA:16,5
DA:19,1
DA:20,2
LF:9
LH:9
end_of_record
SF:lib\data_tv\models\tv_genre_model.dart
DA:6,2
DA:14,2
DA:15,1
DA:16,1
DA:19,0
DA:20,0
DA:21,0
DA:24,1
DA:25,3
DA:28,1
DA:29,3
LF:11
LH:8
end_of_record
SF:lib\data_tv\repositories\tv_repository_impl.dart
DA:16,1
DA:21,1
DA:24,2
DA:25,5
DA:26,1
DA:27,2
DA:28,1
DA:29,2
DA:33,1
DA:36,2
DA:37,2
DA:38,1
DA:39,2
DA:40,1
DA:41,2
DA:45,1
DA:48,2
DA:49,3
DA:50,1
DA:51,2
DA:52,1
DA:53,2
DA:57,1
DA:60,2
DA:61,5
DA:62,1
DA:63,2
DA:64,1
DA:65,2
DA:69,1
DA:72,2
DA:73,5
DA:74,1
DA:75,2
DA:76,1
DA:77,2
DA:81,1
DA:84,2
DA:85,5
DA:86,1
DA:87,2
DA:88,1
DA:89,2
DA:93,1
DA:97,3
DA:98,1
DA:99,1
DA:100,3
DA:106,1
DA:110,3
DA:111,1
DA:112,1
DA:113,3
DA:117,1
DA:119,2
DA:123,1
DA:125,2
DA:126,5
LF:58
LH:58
end_of_record
SF:lib\domain_tv\usecases_tv\get_on_air_tv.dart
DA:10,1
DA:12,1
DA:13,2
LF:3
LH:3
end_of_record
SF:lib\domain_tv\usecases_tv\get_popular_tv.dart
DA:9,1
DA:11,1
DA:12,2
LF:3
LH:3
end_of_record
SF:lib\domain_tv\usecases_tv\get_top_rated_tv.dart
DA:9,1
DA:11,1
DA:12,2
LF:3
LH:3
end_of_record
SF:lib\domain_tv\usecases_tv\get_tv_detail.dart
DA:9,1
DA:11,1
DA:12,2
LF:3
LH:3
end_of_record
SF:lib\domain_tv\usecases_tv\get_tv_recommendations.dart
DA:9,1
DA:11,1
DA:12,2
LF:3
LH:3
end_of_record
SF:lib\domain_tv\usecases_tv\get_watchlist_status_tv.dart
DA:6,1
DA:8,1
DA:9,2
LF:3
LH:3
end_of_record
SF:lib\domain_tv\usecases_tv\get_watchlist_tv.dart
DA:9,1
DA:11,1
DA:12,2
LF:3
LH:3
end_of_record
SF:lib\domain_tv\usecases_tv\remove_watchlist_tv.dart
DA:10,1
DA:12,1
DA:13,2
LF:3
LH:3
end_of_record
SF:lib\domain_tv\usecases_tv\save_watchlist_tv.dart
DA:10,1
DA:12,1
DA:13,2
LF:3
LH:3
end_of_record
SF:lib\presentation_tv\bloc_tv\on_air_tv_event.dart
DA:7,1
DA:8,1
LF:2
LH:2
end_of_record
SF:lib\presentation_tv\bloc_tv\on_air_tv_state.dart
DA:8,1
DA:9,1
DA:13,1
DA:14,1
DA:19,1
DA:21,1
DA:22,2
DA:27,1
DA:29,1
DA:30,2
LF:10
LH:10
end_of_record
SF:lib\presentation_tv\bloc_tv\on_air_tv_bloc.dart
DA:14,1
DA:15,2
DA:16,2
DA:17,2
DA:19,2
DA:21,2
DA:22,3
DA:23,1
DA:24,1
DA:25,2
DA:26,2
LF:11
LH:11
end_of_record
SF:lib\presentation_tv\bloc_tv\popular_tv_state.dart
DA:7,1
DA:8,1
DA:12,1
DA:13,1
DA:18,1
DA:19,1
DA:20,2
DA:25,1
DA:26,1
DA:27,2
LF:10
LH:10
end_of_record
SF:lib\presentation_tv\bloc_tv\popular_tv_bloc.dart
DA:13,1
DA:14,2
DA:15,2
DA:16,2
DA:18,2
DA:20,1
DA:21,4
DA:22,2
DA:23,2
DA:24,2
LF:10
LH:10
end_of_record
SF:lib\presentation_tv\bloc_tv\popular_tv_event.dart
DA:6,0
DA:7,0
LF:2
LH:0
end_of_record
SF:lib\presentation_tv\bloc_tv\top_rated_tv_bloc.dart
DA:14,1
DA:15,2
DA:16,2
DA:17,2
DA:18,2
DA:20,1
DA:21,4
DA:22,2
DA:23,2
DA:24,2
LF:10
LH:10
end_of_record
SF:lib\presentation_tv\bloc_tv\top_rated_tv_event.dart
DA:6,0
DA:7,0
LF:2
LH:0
end_of_record
SF:lib\presentation_tv\bloc_tv\top_rated_tv_state.dart
DA:7,1
DA:8,1
DA:12,1
DA:13,1
DA:18,1
DA:19,1
DA:20,2
DA:25,1
DA:27,1
DA:28,2
LF:10
LH:10
end_of_record
SF:lib\presentation_tv\bloc_tv\tv_detail_event.dart
DA:7,1
DA:9,1
DA:10,2
LF:3
LH:3
end_of_record
SF:lib\presentation_tv\bloc_tv\tv_detail_bloc.dart
DA:14,3
DA:15,2
DA:16,1
DA:18,2
DA:20,2
DA:22,5
DA:23,3
LF:7
LH:7
end_of_record
SF:lib\presentation_tv\bloc_tv\tv_detail_state.dart
DA:9,1
DA:10,1
DA:14,1
DA:15,1
DA:21,1
DA:22,1
DA:23,2
DA:29,1
DA:30,1
DA:31,2
LF:10
LH:10
end_of_record
SF:lib\presentation_tv\bloc_tv\tv_recommendations_state.dart
DA:7,1
DA:8,1
DA:12,1
DA:13,1
DA:18,1
DA:19,1
DA:20,2
DA:25,1
DA:26,1
DA:27,2
LF:10
LH:10
end_of_record
SF:lib\presentation_tv\bloc_tv\tv_recommendations_event.dart
DA:9,1
DA:11,0
DA:12,0
LF:3
LH:1
end_of_record
SF:lib\presentation_tv\bloc_tv\tv_recommendations_bloc.dart
DA:14,1
DA:15,2
DA:16,2
DA:17,1
DA:19,2
DA:21,2
DA:23,1
DA:24,4
DA:25,2
DA:26,2
DA:27,2
LF:11
LH:11
end_of_record
