SF:lib\domain\usecases\search_movies.dart
DA:9,1
DA:11,1
DA:12,2
LF:3
LH:3
end_of_record
SF:lib\presentation\movies_bloc\search_movies_bloc.dart
DA:13,3
DA:14,2
DA:15,1
DA:17,2
DA:18,2
DA:20,1
DA:21,1
DA:22,3
DA:24,1
DA:25,2
LF:10
LH:10
end_of_record
SF:lib\presentation\movies_bloc\search_movies_state.dart
DA:5,1
DA:7,2
DA:17,1
DA:19,1
DA:20,2
DA:26,1
DA:28,1
DA:29,2
LF:8
LH:8
end_of_record
SF:lib\presentation\movies_bloc\search_movies_event.dart
DA:4,1
DA:6,0
DA:7,0
DA:13,1
DA:15,0
DA:16,0
LF:6
LH:2
end_of_record
